[0;34m[INFO][0m Starting Hive initialization...
[0;34m[INFO][0m Working directory: /home/tony/AI/projects/hive
[0;34m[INFO][0m Timestamp: Sun 06 Jul 2025 23:39:34 AEST
[0;32m[SUCCESS][0m Docker is running
[0;31m[ERROR][0m docker-compose is not installed. Please install docker-compose first.
[0;34m[INFO][0m Starting Hive initialization...
[0;34m[INFO][0m Working directory: /home/tony/AI/projects/hive
[0;34m[INFO][0m Timestamp: Sun 06 Jul 2025 23:40:58 AEST
[0;32m[SUCCESS][0m Docker is running
[0;32m[SUCCESS][0m docker compose is available
[0;34m[INFO][0m Pulling latest base images...
[0;34m[INFO][0m Building Hive services...
[0;31m[ERROR][0m Failed to build Hive services
[0;34m[INFO][0m Starting Hive initialization...
[0;34m[INFO][0m Working directory: /home/tony/AI/projects/hive
[0;34m[INFO][0m Timestamp: Sun 06 Jul 2025 23:43:45 AEST
[0;32m[SUCCESS][0m Docker is running
[0;32m[SUCCESS][0m docker compose is available
[0;34m[INFO][0m Pulling latest base images...
[0;34m[INFO][0m Building Hive services...
[0;31m[ERROR][0m Failed to build Hive services
[0;34m[INFO][0m Starting Hive initialization...
[0;34m[INFO][0m Working directory: /home/tony/AI/projects/hive
[0;34m[INFO][0m Timestamp: Sun 06 Jul 2025 23:44:45 AEST
[0;32m[SUCCESS][0m Docker is running
[0;32m[SUCCESS][0m docker compose is available
[0;34m[INFO][0m Pulling latest base images...
[0;34m[INFO][0m Building Hive services...
[0;31m[ERROR][0m Failed to build Hive services
[0;34m[INFO][0m Starting Hive initialization...
[0;34m[INFO][0m Working directory: /home/tony/AI/projects/hive
[0;34m[INFO][0m Timestamp: Sun 06 Jul 2025 23:50:26 AEST
[0;32m[SUCCESS][0m Docker is running
[0;32m[SUCCESS][0m docker compose is available
[0;34m[INFO][0m Pulling latest base images...
[0;34m[INFO][0m Building Hive services...
[0;31m[ERROR][0m Failed to build Hive services
[0;34m[INFO][0m Starting Hive initialization...
[0;34m[INFO][0m Working directory: /home/tony/AI/projects/hive
[0;34m[INFO][0m Timestamp: Sun 06 Jul 2025 23:51:14 AEST
[0;32m[SUCCESS][0m Docker is running
[0;32m[SUCCESS][0m docker compose is available
[0;34m[INFO][0m Pulling latest base images...
[0;34m[INFO][0m Building Hive services...
[0;34m[INFO][0m Starting Hive initialization...
[0;34m[INFO][0m Working directory: /home/tony/AI/projects/hive
[0;34m[INFO][0m Timestamp: Mon Jul  7 09:36:40 PM AEST 2025
[0;32m[SUCCESS][0m Docker is running
[0;32m[SUCCESS][0m docker compose is available
[0;34m[INFO][0m Pulling latest base images...
[0;34m[INFO][0m Building Hive services...
[0;32m[SUCCESS][0m Hive services built successfully
[0;34m[INFO][0m Starting Hive services...
[0;32m[SUCCESS][0m Hive services started successfully
[0;34m[INFO][0m Waiting for services to be ready...
[0;34m[INFO][0m Checking service health...
[0;32m[SUCCESS][0m postgres is running
[0;34m[INFO][0m Starting Hive initialization...
[0;34m[INFO][0m Working directory: /home/tony/AI/projects/hive
[0;34m[INFO][0m Timestamp: Mon Jul  7 10:27:48 PM AEST 2025
[0;32m[SUCCESS][0m Docker is running
[0;32m[SUCCESS][0m docker compose is available
[0;34m[INFO][0m Pulling latest base images...
[0;34m[INFO][0m Building Hive services...
[0;32m[SUCCESS][0m Hive services built successfully
[0;34m[INFO][0m Starting Hive services...
[0;31m[ERROR][0m Failed to start Hive services
[0;34m[INFO][0m Starting Hive initialization...
[0;34m[INFO][0m Working directory: /home/tony/AI/projects/hive
[0;34m[INFO][0m Timestamp: Mon Jul  7 10:34:23 PM AEST 2025
[0;32m[SUCCESS][0m Docker is running
[0;32m[SUCCESS][0m docker compose is available
[0;34m[INFO][0m Pulling latest base images...
[0;34m[INFO][0m Building Hive services...
[0;32m[SUCCESS][0m Hive services built successfully
[0;34m[INFO][0m Starting Hive services...
[0;31m[ERROR][0m Failed to start Hive services
[0;34m[INFO][0m Starting Hive initialization...
[0;34m[INFO][0m Working directory: /home/tony/AI/projects/hive
[0;34m[INFO][0m Timestamp: Tue 08 Jul 2025 13:03:18 AEST
[0;32m[SUCCESS][0m Docker is running
[0;32m[SUCCESS][0m docker compose is available
[0;34m[INFO][0m Pulling latest base images...
[0;34m[INFO][0m Building Hive services...
